июл. 26, 2023 5:34:04 PM org.apache.coyote.AbstractProtocol init
INFO: Initializing ProtocolHandler ["http-nio-auto-1"]
июл. 26, 2023 5:34:04 PM org.apache.tomcat.util.net.NioSelectorPool getSharedSelector
INFO: Using a shared selector for servlet write/read
июл. 26, 2023 5:34:04 PM org.apache.catalina.core.StandardService startInternal
INFO: Starting service [Tomcat]
июл. 26, 2023 5:34:04 PM org.apache.catalina.core.StandardEngine startInternal
INFO: Starting Servlet engine: [Apache Tomcat/8.5.69]
июл. 26, 2023 5:34:04 PM org.apache.coyote.AbstractProtocol start
INFO: Starting ProtocolHandler ["http-nio-auto-1-49771"]
июл. 26, 2023 5:34:05 PM exercise.servlet.SessionServlet login
INFO: user lavern.keeling@gmail.com Входит в Личный кабинетс паролем password
июл. 26, 2023 5:34:05 PM exercise.servlet.SessionServlet login
INFO: user shoshana.haley@hotmail.com Входит в Личный кабинетс паролем password
июл. 26, 2023 5:34:05 PM exercise.servlet.SessionServlet login
INFO: user suzann.barrows@hotmail.com Входит в Личный кабинетс паролем incorrect
июл. 26, 2023 5:34:05 PM exercise.servlet.SessionServlet login
INFO: user lavern.keeling@gmail.com Входит в Личный кабинетс паролем pass
июл. 26, 2023 5:34:05 PM exercise.servlet.SessionServlet login
INFO: user lavern.keeling@gmail.com Входит в Личный кабинетс паролем password
июл. 26, 2023 5:34:05 PM exercise.servlet.SessionServlet login
INFO: user lavern.keeling@gmail.com Входит в Личный кабинетс паролем password
июл. 26, 2023 5:34:05 PM org.apache.coyote.AbstractProtocol pause
INFO: Pausing ProtocolHandler ["http-nio-auto-1-49771"]
июл. 26, 2023 5:34:05 PM org.apache.catalina.core.StandardService stopInternal
INFO: Stopping service [Tomcat]
июл. 26, 2023 5:34:05 PM org.apache.catalina.loader.WebappClassLoaderBase clearReferencesObjectStreamClassCaches
WARNING: When running on Java 9 or later you need to add "--add-opens=java.base/java.io=null" to the JVM command line arguments to enable ObjectStream cache memory leak protection. Alternatively, you can suppress this warning by disabling ObjectStream class cache memory leak protection.
июл. 26, 2023 5:34:05 PM org.apache.catalina.loader.WebappClassLoaderBase checkThreadLocalsForLeaks
WARNING: When running on Java 9 or later you need to add "--add-opens=java.base/java.lang=null" to the JVM command line arguments to enable ThreadLocal memory leak detection. Alternatively, you can suppress this warning by disabling ThreadLocal memory leak detection.
июл. 26, 2023 5:34:05 PM org.apache.catalina.loader.WebappClassLoaderBase clearReferencesRmiTargets
WARNING: When running on Java 9 or later you need to add "--add-opens=java.rmi/sun.rmi.transport=null" to the JVM command line arguments to enable RMI Target memory leak detection. Alternatively, you can suppress this warning by disabling RMI Target memory leak detection.
июл. 26, 2023 5:34:05 PM org.apache.coyote.AbstractProtocol stop
INFO: Stopping ProtocolHandler ["http-nio-auto-1-49771"]
